<?xml version="1.0" encoding="UTF-8"?>
<testng-results skipped="0" failed="0" ignored="0" total="2" passed="2">
  <reporter-output>
  </reporter-output>
  <suite name="Default suite" duration-ms="12278" started-at="2020-07-30T00:41:07Z" finished-at="2020-07-30T00:41:19Z">
    <groups>
    </groups>
    <test name="Default test" duration-ms="12278" started-at="2020-07-30T00:41:07Z" finished-at="2020-07-30T00:41:19Z">
      <class name="Weather_check_Test_Cases.StartUpCheck">
        <test-method status="PASS" signature="startUp()[pri:0, instance:Weather_check_Test_Cases.StartUpCheck@192b07fd]" name="startUp" is-config="true" duration-ms="17852" started-at="2020-07-30T00:40:49Z" finished-at="2020-07-30T00:41:07Z">
          <reporter-output>
          </reporter-output>
        </test-method> <!-- startUp -->
        <test-method status="PASS" signature="WeatherPageNavigation()[pri:1, instance:Weather_check_Test_Cases.StartUpCheck@192b07fd]" name="WeatherPageNavigation" duration-ms="9670" started-at="2020-07-30T00:41:07Z" finished-at="2020-07-30T00:41:17Z">
          <reporter-output>
          </reporter-output>
        </test-method> <!-- WeatherPageNavigation -->
        <test-method status="PASS" signature="WeatherCheck()[pri:2, instance:Weather_check_Test_Cases.StartUpCheck@192b07fd]" name="WeatherCheck" duration-ms="2545" started-at="2020-07-30T00:41:17Z" depends-on-methods="Weather_check_Test_Cases.StartUpCheck.WeatherPageNavigation" finished-at="2020-07-30T00:41:19Z">
          <reporter-output>
          </reporter-output>
        </test-method> <!-- WeatherCheck -->
        <test-method status="PASS" signature="clouser()[pri:0, instance:Weather_check_Test_Cases.StartUpCheck@192b07fd]" name="clouser" is-config="true" duration-ms="1" started-at="2020-07-30T00:41:19Z" finished-at="2020-07-30T00:41:19Z">
          <reporter-output>
          </reporter-output>
        </test-method> <!-- clouser -->
      </class> <!-- Weather_check_Test_Cases.StartUpCheck -->
    </test> <!-- Default test -->
  </suite> <!-- Default suite -->
</testng-results>
